2025-08-16 08:16:00 | DEBUG | repo=nnn | action=commit
2025-02-02 15:49:00 | DEBUG | repo=nnn | action=commit
2025-07-14 19:32:00 | INFO | repo=nnn | action=commit
2025-12-17 08:15:00 | DEBUG | repo=nnn | action=pull
2025-01-27 08:10:00 | WARN | repo=nnn | action=commit
2025-03-13 20:43:00 | INFO | repo=nnn | action=edit | files=5
2025-11-23 14:37:00 | INFO | repo=nnn | action=edit | files=5
2025-12-23 08:42:00 | WARN | repo=nnn | action=edit | files=3
2025-09-21 16:48:00 | DEBUG | repo=nnn | action=commit
2025-03-16 19:49:00 | INFO | repo=nnn | action=edit | files=4
2025-05-20 16:20:00 | INFO | repo=nnn | action=pull
2025-06-04 21:11:00 | INFO | repo=nnn | action=commit
2025-01-07 15:58:00 | INFO | repo=nnn | action=commit
2025-12-17 21:02:00 | INFO | repo=nnn | action=commit
2025-07-22 20:02:00 | DEBUG | repo=nnn | action=commit
2025-08-06 16:19:00 | WARN | repo=nnn | action=pull
2025-10-13 16:32:00 | DEBUG | repo=nnn | action=commit
2025-03-23 09:28:00 | INFO | repo=nnn | action=commit
2025-03-16 09:17:00 | INFO | repo=nnn | action=commit
2025-01-16 12:52:00 | WARN | repo=nnn | action=commit
2025-02-09 18:40:00 | DEBUG | repo=nnn | action=commit
2025-07-01 08:06:00 | DEBUG | repo=nnn | action=commit
2025-05-21 20:13:00 | WARN | repo=nnn | action=commit
2025-06-13 18:52:00 | DEBUG | repo=nnn | action=commit
2025-12-18 18:36:00 | DEBUG | repo=nnn | action=commit
2025-01-18 07:45:00 | INFO | repo=nnn | action=pull
2025-02-02 10:35:00 | DEBUG | repo=nnn | action=edit | files=2
2025-12-28 13:22:00 | DEBUG | repo=nnn | action=commit
2025-05-16 17:23:00 | DEBUG | repo=nnn | action=commit
2025-01-15 08:49:00 | WARN | repo=nnn | action=commit
2025-11-27 16:15:00 | WARN | repo=nnn | action=edit | files=2
2025-07-24 08:32:00 | DEBUG | repo=nnn | action=commit
2025-06-11 19:01:00 | INFO | repo=nnn | action=commit
2025-04-21 11:27:00 | INFO | repo=nnn | action=commit
2025-08-04 20:32:00 | DEBUG | repo=nnn | action=pull
2025-11-04 09:09:00 | DEBUG | repo=nnn | action=commit
2025-10-27 11:23:00 | WARN | repo=nnn | action=commit
2025-09-13 13:51:00 | INFO | repo=nnn | action=commit
2025-06-18 08:32:00 | INFO | repo=nnn | action=commit
2025-08-01 17:29:00 | INFO | repo=nnn | action=pull
2025-09-22 16:25:00 | DEBUG | repo=nnn | action=commit
2025-05-26 18:09:00 | DEBUG | repo=nnn | action=commit
2025-07-27 21:50:00 | WARN | repo=nnn | action=commit
2025-05-18 20:54:00 | DEBUG | repo=nnn | action=test | passed=true
2025-04-13 18:38:00 | DEBUG | repo=nnn | action=commit
2025-02-02 09:21:00 | DEBUG | repo=nnn | action=commit
2025-11-09 08:44:00 | WARN | repo=nnn | action=commit
2025-05-20 21:13:00 | INFO | repo=nnn | action=commit
2025-07-22 18:11:00 | DEBUG | repo=nnn | action=commit
2025-04-08 11:50:00 | DEBUG | repo=nnn | action=commit
2025-11-08 12:38:00 | DEBUG | repo=nnn | action=commit
2025-05-08 07:59:00 | DEBUG | repo=nnn | action=commit
2025-10-07 10:15:00 | WARN | repo=nnn | action=commit
2025-03-04 19:00:00 | DEBUG | repo=nnn | action=commit
2025-07-12 15:41:00 | DEBUG | repo=nnn | action=commit
2025-04-24 11:32:00 | WARN | repo=nnn | action=test | passed=true
2025-12-17 13:38:00 | DEBUG | repo=nnn | action=commit
2025-12-10 13:49:00 | INFO | repo=nnn | action=commit
2025-08-05 17:51:00 | WARN | repo=nnn | action=commit
2025-07-02 07:59:00 | INFO | repo=nnn | action=test | passed=true
2025-08-15 21:05:00 | WARN | repo=nnn | action=commit
2025-02-18 09:38:00 | DEBUG | repo=nnn | action=edit | files=3
2025-05-10 08:13:00 | INFO | repo=nnn | action=test | passed=true
2025-03-13 10:41:00 | INFO | repo=nnn | action=commit
2025-10-12 19:03:00 | INFO | repo=nnn | action=commit
2025-07-06 13:52:00 | INFO | repo=nnn | action=test | passed=true
2025-07-04 12:15:00 | INFO | repo=nnn | action=commit
2025-09-12 15:57:00 | DEBUG | repo=nnn | action=commit
2025-11-03 11:55:00 | INFO | repo=nnn | action=commit
2025-09-03 20:51:00 | DEBUG | repo=nnn | action=edit | files=5
2025-09-17 12:12:00 | DEBUG | repo=nnn | action=commit
2025-03-15 08:27:00 | DEBUG | repo=nnn | action=commit
2025-04-03 12:59:00 | WARN | repo=nnn | action=commit
2025-06-08 07:28:00 | INFO | repo=nnn | action=commit
2025-03-11 13:24:00 | WARN | repo=nnn | action=commit
2025-06-05 21:04:00 | WARN | repo=nnn | action=pull
2025-07-13 20:47:00 | WARN | repo=nnn | action=test | passed=true
2025-07-25 17:17:00 | WARN | repo=nnn | action=commit
2025-11-17 21:54:00 | DEBUG | repo=nnn | action=commit
2025-04-26 18:11:00 | DEBUG | repo=nnn | action=commit
2025-06-11 12:29:00 | INFO | repo=nnn | action=commit
2025-09-09 17:13:00 | DEBUG | repo=nnn | action=pull
2025-02-19 13:06:00 | DEBUG | repo=nnn | action=commit
2025-04-08 18:35:00 | DEBUG | repo=nnn | action=commit
2025-04-06 17:21:00 | INFO | repo=nnn | action=commit
2025-10-15 10:28:00 | INFO | repo=nnn | action=test | passed=true
2025-06-22 20:35:00 | WARN | repo=nnn | action=commit
2025-10-23 19:28:00 | INFO | repo=nnn | action=commit
2025-05-03 13:25:00 | DEBUG | repo=nnn | action=commit
2025-02-12 16:29:00 | DEBUG | repo=nnn | action=commit
2025-03-02 18:25:00 | DEBUG | repo=nnn | action=commit
2025-04-02 07:54:00 | DEBUG | repo=nnn | action=commit
2025-02-02 18:01:00 | DEBUG | repo=nnn | action=test | passed=true
2025-07-05 20:13:00 | INFO | repo=nnn | action=commit
2025-03-21 15:05:00 | INFO | repo=nnn | action=test | passed=true
2025-10-23 20:26:00 | DEBUG | repo=nnn | action=commit
2025-09-05 08:31:00 | WARN | repo=nnn | action=commit
2025-05-15 20:42:00 | WARN | repo=nnn | action=pull
2025-09-20 19:47:00 | INFO | repo=nnn | action=test | passed=true
2025-09-28 16:46:00 | INFO | repo=nnn | action=commit
2025-05-16 18:24:00 | INFO | repo=nnn | action=commit
2025-01-28 21:43:00 | WARN | repo=nnn | action=edit | files=2
2025-04-25 18:46:00 | INFO | repo=nnn | action=pull
2025-04-16 14:43:00 | DEBUG | repo=nnn | action=edit | files=2
2025-12-11 07:25:00 | INFO | repo=nnn | action=commit
2025-02-07 17:34:00 | INFO | repo=nnn | action=commit
2025-10-19 15:49:00 | WARN | repo=nnn | action=pull
2025-02-05 14:19:00 | WARN | repo=nnn | action=commit
2025-05-20 13:17:00 | WARN | repo=nnn | action=pull
2025-10-15 11:51:00 | DEBUG | repo=nnn | action=commit
2025-06-28 15:06:00 | DEBUG | repo=nnn | action=edit | files=3
2025-02-15 07:11:00 | WARN | repo=nnn | action=commit
2025-01-13 11:43:00 | DEBUG | repo=nnn | action=commit
2025-03-01 07:26:00 | INFO | repo=nnn | action=commit
2025-08-08 14:24:00 | INFO | repo=nnn | action=commit
2025-03-05 08:40:00 | DEBUG | repo=nnn | action=commit
2025-11-18 10:53:00 | WARN | repo=nnn | action=commit
2025-06-28 14:43:00 | WARN | repo=nnn | action=commit
2025-11-02 13:47:00 | DEBUG | repo=nnn | action=commit
2025-07-06 09:02:00 | DEBUG | repo=nnn | action=commit
2025-11-19 15:45:00 | WARN | repo=nnn | action=commit
2025-01-19 08:43:00 | WARN | repo=nnn | action=commit
2025-03-13 17:38:00 | DEBUG | repo=nnn | action=commit
